[18:08:40] [main/INFO] (FabricLoader/GameProvider) Loading Minecraft 1.7.10 with Fabric Loader 0.12.12
[18:08:40] [main/INFO] (FabricLoader) Loading 5 mods:
	- atum 1.1.3+1.7.10
	- fabricloader 0.12.12
	- java 17
	- minecraft 1.7.10
	- worldpreview 1.0.5+1.7.10
[18:08:40] [main/INFO] (FabricLoader/Mixin) SpongePowered MIXIN Subsystem Version=0.8.4 Source=file:/C:/Users/asadd/.gradle/caches/modules-2/files-2.1/net.fabricmc/sponge-mixin/0.10.7+mixin.0.8.4/7a4ca9d54d9ae564dea0363d668036a8420ed9b8/sponge-mixin-0.10.7+mixin.0.8.4.jar Service=Knot/Fabric Env=CLIENT
[18:08:40] [main/INFO] (FabricLoader/Mixin) Loaded Fabric development mappings for mixin remapper!
[18:08:41] [main/INFO] (Minecraft) Setting user: Player255
[18:08:41] [main/INFO] (Minecraft) (Session ID is token:FabricMC:Player255)
[18:08:41] [main/INFO] (Atum) Initializing
[18:08:41] [main/INFO] (WorldPreview) Found worldpreview.properties file in .minecraft/config. Reading it in.
[18:08:41] [main/INFO] (Minecraft) LWJGL Version: 2.9.1
[18:08:41] [main/ERROR] (Minecraft) Couldn't initialize twitch stream
[18:08:41] [main/INFO] (Minecraft) Reloading ResourceManager: Default
[18:08:42] [Sound Library Loader/INFO] (Minecraft) Sound engine started
[18:08:42] [main/INFO] (Minecraft) Created: 512x256 textures/blocks-atlas
[18:08:42] [main/INFO] (Minecraft) Created: 256x256 textures/items-atlas
[18:08:44] [Server thread/INFO] (Minecraft) Starting integrated minecraft server version 1.7.10
[18:08:44] [Server thread/INFO] (Minecraft) Generating keypair
[18:08:44] [Server thread/INFO] (Minecraft) Converting map!
[18:08:44] [Server thread/INFO] (Minecraft) Scanning folders...
[18:08:44] [Server thread/INFO] (Minecraft) Total conversion count is 0
[18:08:44] [Server thread/INFO] (Minecraft) Preparing start region for level 0
[18:08:44] [Server thread/INFO] (Minecraft) Preparing spawn area: 2%
[18:08:44] [Server thread/INFO] (Minecraft) Preparing spawn area: 4%
[18:08:44] [Server thread/INFO] (Minecraft) Preparing spawn area: 7%
[18:08:44] [Server thread/INFO] (Minecraft) Preparing spawn area: 11%
[18:08:44] [Server thread/INFO] (Minecraft) Preparing spawn area: 14%
[18:08:45] [Server thread/INFO] (Minecraft) Preparing spawn area: 19%
[18:08:45] [Server thread/INFO] (Minecraft) Preparing spawn area: 23%
[18:08:45] [Server thread/INFO] (Minecraft) Preparing spawn area: 28%
[18:08:45] [Server thread/INFO] (Minecraft) Preparing spawn area: 34%
[18:08:45] [Server thread/INFO] (Minecraft) Preparing spawn area: 40%
[18:08:45] [Server thread/INFO] (Minecraft) Preparing spawn area: 45%
[18:08:45] [Server thread/INFO] (Minecraft) Preparing spawn area: 50%
[18:08:45] [Server thread/INFO] (Minecraft) Preparing spawn area: 55%
[18:08:45] [main/INFO] (WorldPreview) Starting preview.
[18:08:45] [Server thread/INFO] (Minecraft) Preparing spawn area: 60%
[18:08:45] [Server thread/INFO] (Minecraft) Preparing spawn area: 64%
[18:08:46] [Server thread/INFO] (WorldPreview) Preview at 70%, freezing automatically.
[18:08:46] [Server thread/INFO] (Minecraft) Preparing spawn area: 70%
[18:08:46] [Server thread/INFO] (Minecraft) Preparing spawn area: 77%
[18:08:46] [Server thread/INFO] (Minecraft) Preparing spawn area: 83%
[18:08:46] [Server thread/INFO] (Minecraft) Preparing spawn area: 86%
[18:08:46] [Server thread/INFO] (Minecraft) Preparing spawn area: 92%
[18:08:46] [Server thread/INFO] (Minecraft) Preparing spawn area: 97%
[18:08:46] [Server thread/INFO] (Minecraft) Changing view distance to 9, from 10
[18:08:47] [Server thread/INFO] (Minecraft) Player255[local:E:226f1775] logged in with entity id 141 at (-133.5, 67.0, -246.5)
[18:08:47] [Server thread/INFO] (Minecraft) Player255 joined the game
[18:08:51] [Client Shutdown Thread/INFO] (Minecraft) Stopping server
